<org.openmrs.module.reporting.report.ReportData id="1">
  <definition id="2" uuid="750a13c0-77d6-428c-81c1-a4369cfee6ea"/>
  <context id="3">
    <evaluationId>1</evaluationId>
    <baseCohort id="4" uuid="9da2cbba-b7c0-4dbe-9d7a-d543e0f5601f" voided="false">
      <memberIds class="sorted-set" id="5">
        <int>1672</int>
      </memberIds>
    </baseCohort>
    <contextValues id="6">
      <entry>
        <string>start_of_today</string>
        <date id="7">2016-02-22 17:00:00 UTC</date>
      </entry>
      <entry>
        <string>end_of_last_month</string>
        <date id="8">2016-01-31 16:59:59 UTC</date>
      </entry>
      <entry>
        <string>now</string>
        <date id="9">2016-02-23 11:46:23 UTC</date>
      </entry>
      <entry>
        <string>generationDate</string>
        <date id="10">2016-02-23 11:46:23 UTC</date>
      </entry>
      <entry>
        <string>generatedBy</string>
        <string>Mekom Solutions</string>
      </entry>
      <entry>
        <string>start_of_last_month</string>
        <date id="11">2015-12-31 17:00:00 UTC</date>
      </entry>
      <entry>
        <string>end_of_today</string>
        <date id="12">2016-02-23 16:59:59 UTC</date>
      </entry>
    </contextValues>
    <parameterValues id="13">
      <entry>
        <string>patientSummaryMode</string>
        <string>download</string>
      </entry>
    </parameterValues>
    <evaluationDate reference="9"/>
    <evaluationLevel>1</evaluationLevel>
  </context>
  <dataSets class="linked-hash-map" id="14">
    <entry>
      <string>demographics</string>
      <org.openmrs.module.reporting.dataset.SimpleDataSet id="15">
        <definition class="org.openmrs.module.reporting.dataset.definition.PatientDataSetDefinition" id="16" retired="false">
          <parameters id="17"/>
          <columnDefinitions id="18">
            <org.openmrs.module.reporting.dataset.column.definition.RowPerObjectColumnDefinition id="19" uuid="afc00eec-51eb-4775-91a1-0507fb296b4e" retired="false">
              <name>mksrports.patienthistory.demographics.identifier</name>
              <parameters id="20"/>
              <dataDefinition id="21">
                <parameterizable class="org.openmrs.module.reporting.data.patient.definition.ConvertedPatientDataDefinition" id="22" retired="false">
                  <parameters id="23"/>
                  <definitionToConvert id="24">
                    <parameterizable class="org.openmrs.module.reporting.data.patient.definition.PreferredIdentifierDataDefinition" id="25" retired="false">
                      <parameters id="26"/>
                    </parameterizable>
                    <parameterMappings id="27"/>
                  </definitionToConvert>
                  <converters id="28">
                    <org.openmrs.module.reporting.data.converter.PropertyConverter id="29">
                      <typeToConvert>org.openmrs.PatientIdentifier</typeToConvert>
                      <propertyName>identifier</propertyName>
                    </org.openmrs.module.reporting.data.converter.PropertyConverter>
                  </converters>
                </parameterizable>
                <parameterMappings id="30"/>
              </dataDefinition>
            </org.openmrs.module.reporting.dataset.column.definition.RowPerObjectColumnDefinition>
            <org.openmrs.module.reporting.dataset.column.definition.RowPerObjectColumnDefinition id="31" uuid="08d0431b-e3da-4786-ad38-ebebd9af0a8f" retired="false">
              <name>First Name</name>
              <parameters id="32"/>
              <dataDefinition id="33">
                <parameterizable class="org.openmrs.module.reporting.data.patient.definition.ConvertedPatientDataDefinition" id="34" retired="false">
                  <parameters id="35"/>
                  <definitionToConvert id="36">
                    <parameterizable class="org.openmrs.module.reporting.data.patient.definition.PersonToPatientDataDefinition" id="37" retired="false">
                      <parameters id="38"/>
                      <joinedDefinition class="org.openmrs.module.reporting.data.person.definition.PreferredNameDataDefinition" id="39" retired="false">
                        <parameters id="40"/>
                      </joinedDefinition>
                    </parameterizable>
                    <parameterMappings id="41"/>
                  </definitionToConvert>
                  <converters id="42">
                    <org.openmrs.module.reporting.data.converter.PropertyConverter id="43">
                      <typeToConvert>org.openmrs.PersonName</typeToConvert>
                      <propertyName>givenName</propertyName>
                    </org.openmrs.module.reporting.data.converter.PropertyConverter>
                  </converters>
                </parameterizable>
                <parameterMappings id="44"/>
              </dataDefinition>
            </org.openmrs.module.reporting.dataset.column.definition.RowPerObjectColumnDefinition>
            <org.openmrs.module.reporting.dataset.column.definition.RowPerObjectColumnDefinition id="45" uuid="feb24eee-50ee-4e87-819b-28563f904587" retired="false">
              <name>Last Name</name>
              <parameters id="46"/>
              <dataDefinition id="47">
                <parameterizable class="org.openmrs.module.reporting.data.patient.definition.ConvertedPatientDataDefinition" id="48" retired="false">
                  <parameters id="49"/>
                  <definitionToConvert id="50">
                    <parameterizable class="org.openmrs.module.reporting.data.patient.definition.PersonToPatientDataDefinition" id="51" retired="false">
                      <parameters id="52"/>
                      <joinedDefinition class="org.openmrs.module.reporting.data.person.definition.PreferredNameDataDefinition" id="53" retired="false">
                        <parameters id="54"/>
                      </joinedDefinition>
                    </parameterizable>
                    <parameterMappings id="55"/>
                  </definitionToConvert>
                  <converters id="56">
                    <org.openmrs.module.reporting.data.converter.PropertyConverter id="57">
                      <typeToConvert>org.openmrs.PersonName</typeToConvert>
                      <propertyName>familyName</propertyName>
                    </org.openmrs.module.reporting.data.converter.PropertyConverter>
                  </converters>
                </parameterizable>
                <parameterMappings id="58"/>
              </dataDefinition>
            </org.openmrs.module.reporting.dataset.column.definition.RowPerObjectColumnDefinition>
            <org.openmrs.module.reporting.dataset.column.definition.RowPerObjectColumnDefinition id="59" uuid="e3b14d01-0060-45e4-86bd-f99ebaab75ed" retired="false">
              <name>Date of Birth</name>
              <parameters id="60"/>
              <dataDefinition id="61">
                <parameterizable class="org.openmrs.module.reporting.data.patient.definition.ConvertedPatientDataDefinition" id="62" retired="false">
                  <parameters id="63"/>
                  <definitionToConvert id="64">
                    <parameterizable class="org.openmrs.module.reporting.data.patient.definition.PersonToPatientDataDefinition" id="65" retired="false">
                      <parameters id="66"/>
                      <joinedDefinition class="org.openmrs.module.reporting.data.person.definition.BirthdateDataDefinition" id="67" retired="false">
                        <parameters id="68"/>
                      </joinedDefinition>
                    </parameterizable>
                    <parameterMappings id="69"/>
                  </definitionToConvert>
                  <converters class="java.util.Arrays$ArrayList" id="70">
                    <a class="org.openmrs.module.reporting.data.converter.DataConverter-array" id="71">
                      <org.openmrs.module.reporting.data.converter.PropertyConverter id="72">
                        <typeToConvert>org.openmrs.module.reporting.common.Birthdate</typeToConvert>
                        <propertyName>birthdate</propertyName>
                      </org.openmrs.module.reporting.data.converter.PropertyConverter>
                    </a>
                  </converters>
                </parameterizable>
                <parameterMappings id="73"/>
              </dataDefinition>
            </org.openmrs.module.reporting.dataset.column.definition.RowPerObjectColumnDefinition>
            <org.openmrs.module.reporting.dataset.column.definition.RowPerObjectColumnDefinition id="74" uuid="6841eb5b-1df4-4e82-997f-23fd6c102f48" retired="false">
              <name>Current Age</name>
              <parameters id="75"/>
              <dataDefinition id="76">
                <parameterizable class="org.openmrs.module.reporting.data.patient.definition.ConvertedPatientDataDefinition" id="77" retired="false">
                  <parameters id="78">
                    <org.openmrs.module.reporting.evaluation.parameter.Parameter id="79">
                      <name>endDate</name>
                      <label>reporting.parameter.endDate</label>
                      <type>java.util.Date</type>
                      <required>true</required>
                    </org.openmrs.module.reporting.evaluation.parameter.Parameter>
                  </parameters>
                  <definitionToConvert id="80">
                    <parameterizable class="org.openmrs.module.reporting.data.patient.definition.ConvertedPatientDataDefinition" id="81" retired="false">
                      <parameters reference="78"/>
                      <definitionToConvert id="82">
                        <parameterizable class="org.openmrs.module.reporting.data.patient.definition.ConvertedPatientDataDefinition" id="83" retired="false">
                          <parameters id="84">
                            <org.openmrs.module.reporting.evaluation.parameter.Parameter id="85">
                              <name>effectiveDate</name>
                              <label>reporting.parameter.effectiveDate</label>
                              <type>java.util.Date</type>
                              <required>true</required>
                            </org.openmrs.module.reporting.evaluation.parameter.Parameter>
                          </parameters>
                          <definitionToConvert id="86">
                            <parameterizable class="org.openmrs.module.reporting.data.patient.definition.PersonToPatientDataDefinition" id="87" retired="false">
                              <parameters id="88"/>
                              <joinedDefinition class="org.openmrs.module.reporting.data.person.definition.AgeDataDefinition" id="89" retired="false">
                                <parameters reference="84"/>
                              </joinedDefinition>
                            </parameterizable>
                            <parameterMappings id="90">
                              <entry>
                                <string>effectiveDate</string>
                                <string>${effectiveDate}</string>
                              </entry>
                            </parameterMappings>
                          </definitionToConvert>
                          <converters id="91"/>
                        </parameterizable>
                        <parameterMappings id="92">
                          <entry>
                            <string>effectiveDate</string>
                            <string>${endDate}</string>
                          </entry>
                        </parameterMappings>
                      </definitionToConvert>
                      <converters id="93"/>
                    </parameterizable>
                    <parameterMappings id="94">
                      <entry>
                        <string>endDate</string>
                        <string>${endDate}</string>
                      </entry>
                    </parameterMappings>
                  </definitionToConvert>
                  <converters class="java.util.Arrays$ArrayList" id="95">
                    <a class="org.openmrs.module.reporting.data.converter.DataConverter-array" id="96">
                      <org.openmrs.module.reporting.data.converter.AgeConverter id="97">
                        <format>{y}</format>
                      </org.openmrs.module.reporting.data.converter.AgeConverter>
                    </a>
                  </converters>
                </parameterizable>
                <parameterMappings reference="94"/>
              </dataDefinition>
            </org.openmrs.module.reporting.dataset.column.definition.RowPerObjectColumnDefinition>
            <org.openmrs.module.reporting.dataset.column.definition.RowPerObjectColumnDefinition id="98" uuid="8ea29f27-a531-437e-9ff1-c4e497212f9e" retired="false">
              <name>Gender</name>
              <parameters id="99"/>
              <dataDefinition id="100">
                <parameterizable class="org.openmrs.module.reporting.data.patient.definition.PersonToPatientDataDefinition" id="101" retired="false">
                  <parameters id="102"/>
                  <joinedDefinition class="org.openmrs.module.reporting.data.person.definition.GenderDataDefinition" id="103" retired="false">
                    <parameters id="104"/>
                  </joinedDefinition>
                </parameterizable>
                <parameterMappings id="105"/>
              </dataDefinition>
            </org.openmrs.module.reporting.dataset.column.definition.RowPerObjectColumnDefinition>
          </columnDefinitions>
          <rowFilters id="106"/>
        </definition>
        <context id="107">
          <evaluationId>1</evaluationId>
          <baseCohort reference="4"/>
          <contextValues reference="6"/>
          <parameterValues id="108"/>
          <evaluationDate reference="9"/>
          <evaluationLevel>3</evaluationLevel>
        </context>
        <metaData id="109">
          <columns id="110">
            <org.openmrs.module.reporting.dataset.DataSetColumn id="111">
              <name>mksrports.patienthistory.demographics.identifier</name>
              <label>mksrports.patienthistory.demographics.identifier</label>
              <dataType>java.lang.String</dataType>
            </org.openmrs.module.reporting.dataset.DataSetColumn>
            <org.openmrs.module.reporting.dataset.DataSetColumn id="112">
              <name>First Name</name>
              <label>First Name</label>
              <dataType>java.lang.String</dataType>
            </org.openmrs.module.reporting.dataset.DataSetColumn>
            <org.openmrs.module.reporting.dataset.DataSetColumn id="113">
              <name>Last Name</name>
              <label>Last Name</label>
              <dataType>java.lang.String</dataType>
            </org.openmrs.module.reporting.dataset.DataSetColumn>
            <org.openmrs.module.reporting.dataset.DataSetColumn id="114">
              <name>Date of Birth</name>
              <label>Date of Birth</label>
              <dataType>java.util.Date</dataType>
            </org.openmrs.module.reporting.dataset.DataSetColumn>
            <org.openmrs.module.reporting.dataset.DataSetColumn id="115">
              <name>Current Age</name>
              <label>Current Age</label>
              <dataType>java.lang.Integer</dataType>
            </org.openmrs.module.reporting.dataset.DataSetColumn>
            <org.openmrs.module.reporting.dataset.DataSetColumn id="116">
              <name>Gender</name>
              <label>Gender</label>
              <dataType>java.lang.String</dataType>
            </org.openmrs.module.reporting.dataset.DataSetColumn>
          </columns>
        </metaData>
        <rowMap class="linked-hash-map" id="117">
          <entry>
            <int>1672</int>
            <org.openmrs.module.reporting.dataset.DataSetRow id="118">
              <columnValues class="linked-hash-map" id="119">
                <entry>
                  <org.openmrs.module.reporting.dataset.DataSetColumn reference="111"/>
                  <string>101R9G</string>
                </entry>
                <entry>
                  <org.openmrs.module.reporting.dataset.DataSetColumn reference="112"/>
                  <string>Noi</string>
                </entry>
                <entry>
                  <org.openmrs.module.reporting.dataset.DataSetColumn reference="113"/>
                  <string>VIRAVONGSA</string>
                </entry>
                <entry>
                  <org.openmrs.module.reporting.dataset.DataSetColumn reference="114"/>
                  <sql-timestamp id="120">2015-07-15 00:00:00 ICT</sql-timestamp>
                </entry>
                <entry>
                  <org.openmrs.module.reporting.dataset.DataSetColumn reference="115"/>
                  <int>0</int>
                </entry>
                <entry>
                  <org.openmrs.module.reporting.dataset.DataSetColumn reference="116"/>
                  <string>F</string>
                </entry>
              </columnValues>
            </org.openmrs.module.reporting.dataset.DataSetRow>
          </entry>
        </rowMap>
      </org.openmrs.module.reporting.dataset.SimpleDataSet>
    </entry>
  </dataSets>
</org.openmrs.module.reporting.report.ReportData>
